[debug] [2022-06-28T18:22:28.249Z] ----------------------------------------------------------------------
[debug] [2022-06-28T18:22:28.252Z] Command:       /usr/local/bin/node /usr/local/bin/firebase deploy --only hosting
[debug] [2022-06-28T18:22:28.253Z] CLI Version:   11.0.1
[debug] [2022-06-28T18:22:28.254Z] Platform:      darwin
[debug] [2022-06-28T18:22:28.254Z] Node Version:  v18.1.0
[debug] [2022-06-28T18:22:28.271Z] Time:          Tue Jun 28 2022 14:22:28 GMT-0400 (Eastern Daylight Time)
[debug] [2022-06-28T18:22:28.272Z] ----------------------------------------------------------------------
[debug] 
[debug] [2022-06-28T18:22:28.605Z] > command requires scopes: ["email","openid","https://www.googleapis.com/auth/cloudplatformprojects.readonly","https://www.googleapis.com/auth/firebase","https://www.googleapis.com/auth/cloud-platform"]
[debug] [2022-06-28T18:22:28.606Z] > authorizing via signed-in user (maurice.mason97@gmail.com)
[debug] [2022-06-28T18:22:28.606Z] [iam] checking project gottacatchemall-1d525 for permissions ["firebase.projects.get","firebasehosting.sites.update"]
[debug] [2022-06-28T18:22:28.610Z] > refreshing access token with scopes: []
[debug] [2022-06-28T18:22:28.613Z] >>> HTTP REQUEST POST https://www.googleapis.com/oauth2/v3/token  
 <request body omitted>
[debug] [2022-06-28T18:22:29.792Z] <<< HTTP RESPONSE 200 {"cache-control":"no-cache, no-store, max-age=0, must-revalidate","expires":"Mon, 01 Jan 1990 00:00:00 GMT","date":"Tue, 28 Jun 2022 18:22:29 GMT","pragma":"no-cache","content-type":"application/json; charset=utf-8","vary":"X-Origin, Referer, Origin,Accept-Encoding","server":"scaffolding on HTTPServer2","x-xss-protection":"0","x-frame-options":"SAMEORIGIN","x-content-type-options":"nosniff","alt-svc":"h3=\":443\"; ma=2592000,h3-29=\":443\"; ma=2592000,h3-Q050=\":443\"; ma=2592000,h3-Q046=\":443\"; ma=2592000,h3-Q043=\":443\"; ma=2592000,quic=\":443\"; ma=2592000; v=\"46,43\"","accept-ranges":"none","transfer-encoding":"chunked"}
[debug] [2022-06-28T18:22:29.854Z] >>> [apiv2][query] POST https://cloudresourcemanager.googleapis.com/v1/projects/gottacatchemall-1d525:testIamPermissions [none]
[debug] [2022-06-28T18:22:29.855Z] >>> [apiv2][body] POST https://cloudresourcemanager.googleapis.com/v1/projects/gottacatchemall-1d525:testIamPermissions {"permissions":["firebase.projects.get","firebasehosting.sites.update"]}
[debug] [2022-06-28T18:22:30.329Z] <<< [apiv2][status] POST https://cloudresourcemanager.googleapis.com/v1/projects/gottacatchemall-1d525:testIamPermissions 200
[debug] [2022-06-28T18:22:30.329Z] <<< [apiv2][body] POST https://cloudresourcemanager.googleapis.com/v1/projects/gottacatchemall-1d525:testIamPermissions {}
[debug] [2022-06-28T18:22:30.330Z] [iam] error while checking permissions, command may fail: FirebaseError: Authorization failed. This account is missing the following required permissions on project gottacatchemall-1d525:

  firebase.projects.get
  firebasehosting.sites.update
[debug] [2022-06-28T18:22:30.340Z] >>> [apiv2][query] GET https://firebase.googleapis.com/v1beta1/projects/gottacatchemall-1d525 [none]
[debug] [2022-06-28T18:22:30.623Z] <<< [apiv2][status] GET https://firebase.googleapis.com/v1beta1/projects/gottacatchemall-1d525 403
[debug] [2022-06-28T18:22:30.624Z] <<< [apiv2][body] GET https://firebase.googleapis.com/v1beta1/projects/gottacatchemall-1d525 {"error":{"code":403,"message":"The caller does not have permission","status":"PERMISSION_DENIED"}}
[debug] [2022-06-28T18:22:30.626Z] HTTP Error: 403, The caller does not have permission
[debug] [2022-06-28T18:22:30.627Z] FirebaseError: HTTP Error: 403, The caller does not have permission
    at module.exports (/usr/local/lib/node_modules/firebase-tools/lib/responseToError.js:47:12)
    at RetryOperation._fn (/usr/local/lib/node_modules/firebase-tools/lib/apiv2.js:286:39)
    at process.processTicksAndRejections (node:internal/process/task_queues:95:5)
[error] 
[error] Error: Failed to get Firebase project gottacatchemall-1d525. Please make sure the project exists and your account has permission to access it.
